Logging started
MCDC instrumentation started
default configuration
GenInT1:11:1
GenInT1:11:1
GenInT1:11:1
GenInT1:11:1
GenInT1:11:1
GenInT1:11:1
GenInT1:11:1
GenInT1:11:1
GenInT1:11:1
GenInT1:01:0
RQ1T1:0011:0
RQ2T1:0011010:0
RQ3T1:0011000:0
RQ4T1:0100:0
RQ5T1:0100:0
GenInT1:11:1
GenInT1:11:1
GenInT1:11:1
GenInT1:11:1
GenInT1:11:1
GenInT1:11:1
GenInT1:11:1
GenInT1:11:1
GenInT1:11:1
GenInT1:01:0
RQ1T1:0011:0
RQ2T1:0111010:0
RQ3T1:0111000:0
RQ4T1:0100:0
RQ5T1:0100:0
GenInT1:11:1
GenInT1:11:1
GenInT1:11:1
GenInT1:11:1
GenInT1:11:1
GenInT1:11:1
GenInT1:11:1
GenInT1:11:1
GenInT1:11:1
GenInT1:01:0
RQ1T1:0011:0
RQ2T1:1011010:0
RQ3T1:1011000:0
RQ4T1:0100:0
RQ5T1:0100:0
GenInT1:11:1
GenInT1:11:1
GenInT1:11:1
GenInT1:11:1
GenInT1:11:1
GenInT1:11:1
GenInT1:11:1
GenInT1:11:1
GenInT1:11:1
GenInT1:01:0
RQ1T1:0111:1
RQ1T1:0111:1
RQ2T1:0110010:0
RQ3T1:0110000:0
RQ4T1:0100:0
RQ5T1:0100:0
RQ1T1:0111:1
GenInT1:01:0
RQ1T1:0100:0
RQ2T1:0110110:0
RQ3T1:0110100:0
RQ4T1:0100:0
RQ5T1:0100:0
GenInT1:11:1
GenInT1:11:1
GenInT1:11:1
GenInT1:11:1
GenInT1:11:1
GenInT1:11:1
GenInT1:11:1
GenInT1:11:1
GenInT1:11:1
GenInT1:01:0
RQ1T1:1101:0
RQ2T1:1000110:0
RQ3T1:1000100:0
RQ4T1:0100:0
RQ5T1:0100:0
GenInT1:11:1
GenInT1:11:1
GenInT1:11:1
GenInT1:11:1
GenInT1:11:1
GenInT1:11:1
GenInT1:11:1
GenInT1:11:1
GenInT1:11:1
GenInT1:01:0
RQ1T1:1101:0
RQ2T1:0000110:0
RQ3T1:0000100:0
RQ4T1:0100:0
RQ5T1:0100:0
GenInT1:11:1
GenInT1:11:1
GenInT1:11:1
GenInT1:11:1
GenInT1:11:1
GenInT1:11:1
GenInT1:11:1
GenInT1:11:1
GenInT1:11:1
GenInT1:01:0
RQ1T1:1101:0
RQ2T1:0000110:0
RQ3T1:0000100:0
RQ4T1:0100:0
RQ5T1:0100:0
GenInT1:11:1
GenInT1:11:1
GenInT1:11:1
GenInT1:11:1
GenInT1:11:1
GenInT1:11:1
GenInT1:11:1
GenInT1:11:1
GenInT1:11:1
GenInT1:01:0
RQ1T1:1001:0
RQ2T1:0101110:0
RQ3T1:0101100:0
RQ4T1:0100:0
RQ5T1:0100:0
GenInT1:11:1
GenInT1:11:1
GenInT1:11:1
GenInT1:11:1
GenInT1:11:1
GenInT1:11:1
GenInT1:11:1
GenInT1:11:1
GenInT1:11:1
GenInT1:01:0
RQ1T1:0001:0
RQ2T1:1111110:0
RQ3T1:1111100:0
RQ4T1:0100:0
RQ5T1:0100:0
GenInT1:11:1
GenInT1:11:1
GenInT1:11:1
GenInT1:11:1
GenInT1:11:1
GenInT1:11:1
GenInT1:11:1
GenInT1:11:1
GenInT1:11:1
GenInT1:01:0
RQ1T1:0001:0
RQ2T1:1111110:0
RQ3T1:1111100:0
RQ4T1:0100:0
RQ5T1:0100:0
GenInT1:11:1
GenInT1:11:1
GenInT1:11:1
GenInT1:11:1
GenInT1:11:1
GenInT1:11:1
GenInT1:11:1
GenInT1:11:1
GenInT1:11:1
GenInT1:01:0
RQ1T1:0001:0
RQ2T1:1111110:0
RQ3T1:1111100:0
RQ4T1:0100:0
RQ5T1:0100:0
GenInT1:11:1
GenInT1:11:1
GenInT1:11:1
GenInT1:11:1
GenInT1:11:1
GenInT1:11:1
GenInT1:11:1
GenInT1:11:1
GenInT1:11:1
GenInT1:01:0
RQ1T1:0101:0
RQ2T1:1110110:0
RQ3T1:1110100:0
RQ4T1:0100:0
RQ5T1:0100:0
GenInT1:11:1
GenInT1:11:1
GenInT1:11:1
GenInT1:11:1
GenInT1:11:1
GenInT1:11:1
GenInT1:11:1
GenInT1:11:1
GenInT1:11:1
GenInT1:01:0
RQ1T1:1001:0
RQ2T1:1001110:0
RQ3T1:1001100:0
RQ4T1:0100:0
RQ5T1:0100:0
GenInT1:11:1
GenInT1:11:1
GenInT1:11:1
GenInT1:11:1
GenInT1:11:1
GenInT1:11:1
GenInT1:11:1
GenInT1:11:1
GenInT1:11:1
GenInT1:01:0
RQ1T1:0101:0
RQ2T1:0010110:0
RQ3T1:0010100:0
RQ4T1:0100:0
RQ5T1:0100:0
GenInT1:11:1
GenInT1:11:1
GenInT1:11:1
GenInT1:11:1
GenInT1:11:1
GenInT1:11:1
GenInT1:11:1
GenInT1:11:1
GenInT1:11:1
GenInT1:01:0
RQ1T1:1001:0
RQ2T1:0101110:0
RQ3T1:0101100:0
RQ4T1:0100:0
RQ5T1:0100:0
GenInT1:11:1
GenInT1:11:1
GenInT1:11:1
GenInT1:11:1
GenInT1:11:1
GenInT1:11:1
GenInT1:11:1
GenInT1:11:1
GenInT1:11:1
GenInT1:01:0
RQ1T1:0101:0
RQ2T1:1110110:0
RQ3T1:1110100:0
RQ4T1:0100:0
RQ5T1:0100:0
GenInT1:11:1
GenInT1:11:1
GenInT1:11:1
GenInT1:11:1
GenInT1:11:1
GenInT1:11:1
GenInT1:11:1
GenInT1:11:1
GenInT1:11:1
GenInT1:01:0
RQ1T1:1001:0
RQ2T1:1101110:0
RQ3T1:1101100:0
RQ4T1:0100:0
RQ5T1:0100:0
GenInT1:11:1
GenInT1:11:1
GenInT1:11:1
GenInT1:11:1
GenInT1:11:1
GenInT1:11:1
GenInT1:11:1
GenInT1:11:1
GenInT1:11:1
GenInT1:01:0
RQ1T1:0101:0
RQ2T1:1110110:0
RQ3T1:1110100:0
RQ4T1:0100:0
RQ5T1:0100:0
GenInT1:11:1
GenInT1:11:1
GenInT1:11:1
GenInT1:11:1
GenInT1:11:1
GenInT1:11:1
GenInT1:11:1
GenInT1:11:1
GenInT1:11:1
GenInT1:01:0
RQ1T1:1101:0
RQ2T1:1000110:0
RQ3T1:1000100:0
RQ4T1:0100:0
RQ5T1:0100:0
GenInT1:11:1
GenInT1:11:1
GenInT1:11:1
GenInT1:11:1
GenInT1:11:1
GenInT1:11:1
GenInT1:11:1
GenInT1:11:1
GenInT1:11:1
GenInT1:01:0
RQ1T1:1001:0
RQ2T1:0001110:0
RQ3T1:0001100:0
RQ4T1:0100:0
RQ5T1:0100:0
GenInT1:11:1
GenInT1:11:1
GenInT1:11:1
GenInT1:11:1
GenInT1:11:1
GenInT1:11:1
GenInT1:11:1
GenInT1:11:1
GenInT1:11:1
GenInT1:01:0
RQ1T1:0101:0
RQ2T1:0010110:0
RQ3T1:0010100:0
RQ4T1:0100:0
RQ5T1:0100:0
GenInT1:11:1
GenInT1:11:1
GenInT1:11:1
GenInT1:11:1
GenInT1:11:1
GenInT1:11:1
GenInT1:11:1
GenInT1:11:1
GenInT1:11:1
GenInT1:01:0
RQ1T1:1001:0
RQ2T1:0101110:0
RQ3T1:0101100:0
RQ4T1:0100:0
RQ5T1:0100:0
GenInT1:11:1
GenInT1:11:1
GenInT1:11:1
GenInT1:11:1
GenInT1:11:1
GenInT1:11:1
GenInT1:11:1
GenInT1:11:1
GenInT1:11:1
GenInT1:01:0
RQ1T1:0001:0
RQ2T1:1111110:0
RQ3T1:1111100:0
RQ4T1:0100:0
RQ5T1:0100:0
GenInT1:11:1
GenInT1:11:1
GenInT1:11:1
GenInT1:11:1
GenInT1:11:1
GenInT1:11:1
GenInT1:11:1
GenInT1:11:1
GenInT1:11:1
GenInT1:01:0
RQ1T1:0001:0
RQ2T1:1111110:0
RQ3T1:1111100:0
RQ4T1:0100:0
RQ5T1:0100:0
GenInT1:11:1
GenInT1:11:1
GenInT1:11:1
GenInT1:11:1
GenInT1:11:1
GenInT1:11:1
GenInT1:11:1
GenInT1:11:1
GenInT1:11:1
GenInT1:01:0
RQ1T1:0001:0
RQ2T1:1011110:0
RQ3T1:1011100:0
RQ4T1:0100:0
RQ5T1:0100:0
GenInT1:11:1
GenInT1:11:1
GenInT1:11:1
GenInT1:11:1
GenInT1:11:1
GenInT1:11:1
GenInT1:11:1
GenInT1:11:1
GenInT1:11:1
GenInT1:01:0
RQ1T1:0101:0
RQ2T1:0010110:0
RQ3T1:0010100:0
RQ4T1:0100:0
RQ5T1:0100:0
GenInT1:11:1
GenInT1:11:1
GenInT1:11:1
GenInT1:11:1
GenInT1:11:1
GenInT1:11:1
GenInT1:11:1
GenInT1:11:1
GenInT1:11:1
GenInT1:01:0
RQ1T1:1101:0
RQ2T1:0100110:0
RQ3T1:0100100:0
RQ4T1:0100:0
RQ5T1:0100:0
GenInT1:11:1
GenInT1:11:1
GenInT1:11:1
GenInT1:11:1
GenInT1:11:1
GenInT1:11:1
GenInT1:11:1
GenInT1:11:1
GenInT1:11:1
GenInT1:01:0
RQ1T1:1101:0
RQ2T1:1100110:0
RQ3T1:1100100:0
RQ4T1:0100:0
RQ5T1:0100:0
GenInT1:11:1
GenInT1:11:1
GenInT1:11:1
GenInT1:11:1
GenInT1:11:1
GenInT1:11:1
GenInT1:11:1
GenInT1:11:1
GenInT1:11:1
GenInT1:01:0
RQ1T1:1101:0
RQ2T1:1000110:0
RQ3T1:1000100:0
RQ4T1:0100:0
RQ5T1:0100:0
GenInT1:11:1
GenInT1:11:1
GenInT1:11:1
GenInT1:11:1
GenInT1:11:1
GenInT1:11:1
GenInT1:11:1
GenInT1:11:1
GenInT1:11:1
GenInT1:01:0
RQ1T1:1001:0
RQ2T1:0101110:0
RQ3T1:0101100:0
RQ4T1:0100:0
RQ5T1:0100:0
GenInT1:11:1
GenInT1:11:1
GenInT1:11:1
GenInT1:11:1
GenInT1:11:1
GenInT1:11:1
GenInT1:11:1
GenInT1:11:1
GenInT1:11:1
GenInT1:01:0
RQ1T1:0101:0
RQ2T1:1010110:0
RQ3T1:1010100:0
RQ4T1:0100:0
RQ5T1:0100:0
GenInT1:11:1
GenInT1:11:1
GenInT1:11:1
GenInT1:11:1
GenInT1:11:1
GenInT1:11:1
GenInT1:11:1
GenInT1:11:1
GenInT1:11:1
GenInT1:00:0
RQ1T1:1101:0
RQ2T1:0000110:0
RQ3T1:0000100:0
RQ4T1:0100:0
RQ5T1:0100:0
GenInT1:00:0
RQ1T1:1101:0
RQ2T1:0000110:0
RQ3T1:0000100:0
RQ4T1:0100:0
RQ5T1:0100:0
GenInT1:00:0
RQ1T1:1101:0
RQ2T1:0000110:0
RQ3T1:0000100:0
RQ4T1:0100:0
RQ5T1:0100:0
GenInT1:00:0
RQ1T1:1101:0
RQ2T1:0000110:0
RQ3T1:0000100:0
RQ4T1:0100:0
RQ5T1:0100:0
GenInT1:00:0
RQ1T1:1101:0
RQ2T1:0000110:0
RQ3T1:0000100:0
RQ4T1:0100:0
RQ5T1:0100:0
GenInT1:00:0
RQ1T1:1101:0
RQ2T1:0000110:0
RQ3T1:0000100:0
RQ4T1:0100:0
RQ5T1:0100:0
GenInT1:00:0
RQ1T1:1101:0
RQ2T1:0000110:0
RQ3T1:0000100:0
RQ4T1:0100:0
RQ5T1:0100:0
GenInT1:00:0
RQ1T1:1101:0
RQ2T1:0000110:0
RQ3T1:0000100:0
RQ4T1:0100:0
RQ5T1:0100:0
GenInT1:00:0
RQ1T1:1101:0
RQ2T1:0000110:0
RQ3T1:0000100:0
RQ4T1:0100:0
RQ5T1:0100:0
GenInT1:00:0
RQ1T1:1101:0
RQ2T1:0000110:0
RQ3T1:0000100:0
RQ4T1:0100:0
RQ5T1:0100:0
GenInT1:00:0
RQ1T1:1101:0
RQ2T1:0000110:0
RQ3T1:0000100:0
RQ4T1:0100:0
RQ5T1:0100:0
GenInT1:00:0
RQ1T1:1101:0
RQ2T1:0000110:0
RQ3T1:0000100:0
RQ4T1:0100:0
RQ5T1:0100:0
GenInT1:00:0
RQ1T1:1101:0
RQ2T1:0000110:0
RQ3T1:0000100:0
RQ4T1:0100:0
RQ5T1:0100:0
GenInT1:00:0
RQ1T1:1101:0
RQ2T1:0000110:0
RQ3T1:0000100:0
RQ4T1:0100:0
RQ5T1:0100:0
GenInT1:00:0
RQ1T1:1101:0
RQ2T1:0000110:0
RQ3T1:0000100:0
RQ4T1:0100:0
RQ5T1:0100:0
GenInT1:00:0
RQ1T1:1101:0
RQ2T1:0000110:0
RQ3T1:0000100:0
RQ4T1:0100:0
RQ5T1:0100:0
GenInT1:00:0
RQ1T1:1101:0
RQ2T1:0000110:0
RQ3T1:0000100:0
RQ4T1:0100:0
RQ5T1:0100:0
GenInT1:00:0
RQ1T1:1101:0
RQ2T1:0000110:0
RQ3T1:0000100:0
RQ4T1:0100:0
RQ5T1:0100:0
GenInT1:00:0
RQ1T1:1101:0
RQ2T1:0000110:0
RQ3T1:0000100:0
RQ4T1:0100:0
RQ5T1:0100:0
GenInT1:00:0
RQ1T1:1101:0
RQ2T1:0000110:0
RQ3T1:0000100:0
RQ4T1:0100:0
RQ5T1:0100:0
GenInT1:00:0
RQ1T1:1101:0
RQ2T1:0000110:0
RQ3T1:0000100:0
RQ4T1:0100:0
RQ5T1:0100:0
GenInT1:00:0
RQ1T1:1101:0
RQ2T1:0000110:0
RQ3T1:0000100:0
RQ4T1:0100:0
RQ5T1:0100:0
GenInT1:00:0
RQ1T1:1101:0
RQ2T1:0000110:0
RQ3T1:0000100:0
RQ4T1:0100:0
RQ5T1:0100:0
GenInT1:00:0
RQ1T1:1101:0
RQ2T1:0000110:0
RQ3T1:0000100:0
RQ4T1:0100:0
RQ5T1:0100:0
GenInT1:00:0
RQ1T1:1101:0
RQ2T1:0000110:0
RQ3T1:0000100:0
RQ4T1:0100:0
RQ5T1:0100:0
GenInT1:00:0
RQ1T1:1101:0
RQ2T1:0000110:0
RQ3T1:0000100:0
RQ4T1:0100:0
RQ5T1:0100:0
GenInT1:00:0
RQ1T1:1101:0
RQ2T1:0000110:0
RQ3T1:0000100:0
RQ4T1:0100:0
RQ5T1:0100:0
GenInT1:00:0
RQ1T1:1101:0
RQ2T1:0000110:0
RQ3T1:0000100:0
RQ4T1:0100:0
RQ5T1:0100:0
GenInT1:00:0
RQ1T1:1101:0
RQ2T1:0000110:0
RQ3T1:0000100:0
RQ4T1:0100:0
RQ5T1:0100:0
GenInT1:00:0
RQ1T1:1101:0
RQ2T1:0000110:0
RQ3T1:0000100:0
RQ4T1:0100:0
RQ5T1:0100:0
GenInT1:00:0
RQ1T1:1101:0
RQ2T1:0000110:0
RQ3T1:0000100:0
RQ4T1:0100:0
RQ5T1:0100:0
GenInT1:00:0
RQ1T1:1101:0
RQ2T1:0000110:0
RQ3T1:0000100:0
RQ4T1:0100:0
RQ5T1:0100:0
GenInT1:10:0
RQ1T1:1101:0
RQ2T1:0000110:0
RQ3T1:0000100:0
RQ4T1:0100:0
RQ5T1:0100:0
CPU time[0.110]
MCDC instrumentation stopped
Logging stopped
Logging started
MCDC instrumentation started
default configuration
GenInT1:11:1
GenInT1:11:1
GenInT1:11:1
GenInT1:11:1
GenInT1:11:1
GenInT1:11:1
GenInT1:11:1
GenInT1:11:1
GenInT1:11:1
GenInT1:01:0
RQ1T1:0011:0
RQ2T1:0011010:0
RQ3T1:0011000:0
RQ4T1:0100:0
RQ5T1:0100:0
GenInT1:11:1
GenInT1:11:1
GenInT1:11:1
GenInT1:11:1
GenInT1:11:1
GenInT1:11:1
GenInT1:11:1
GenInT1:11:1
GenInT1:11:1
GenInT1:01:0
RQ1T1:0111:1
RQ1T1:0111:1
RQ2T1:0010010:0
RQ3T1:0010000:0
RQ4T1:0100:0
RQ5T1:0100:0
RQ1T1:0111:1
GenInT1:01:0
RQ1T1:0100:0
RQ2T1:0010110:0
RQ3T1:0010100:0
RQ4T1:0100:0
RQ5T1:0100:0
GenInT1:11:1
GenInT1:11:1
GenInT1:11:1
GenInT1:11:1
GenInT1:11:1
GenInT1:11:1
GenInT1:11:1
GenInT1:11:1
GenInT1:11:1
GenInT1:01:0
RQ1T1:1001:0
RQ2T1:0001110:0
RQ3T1:0001100:0
RQ4T1:0100:0
RQ5T1:0100:0
GenInT1:11:1
GenInT1:11:1
GenInT1:11:1
GenInT1:11:1
GenInT1:11:1
GenInT1:11:1
GenInT1:11:1
GenInT1:11:1
GenInT1:11:1
GenInT1:01:0
RQ1T1:0001:0
RQ2T1:0011110:0
RQ3T1:0011100:0
RQ4T1:0100:0
RQ5T1:0100:0
GenInT1:11:1
GenInT1:11:1
GenInT1:11:1
GenInT1:11:1
GenInT1:11:1
GenInT1:11:1
GenInT1:11:1
GenInT1:11:1
GenInT1:11:1
GenInT1:01:0
RQ1T1:0101:0
RQ2T1:0010110:0
RQ3T1:0010100:0
RQ4T1:0100:0
RQ5T1:0100:0
GenInT1:11:1
GenInT1:11:1
GenInT1:11:1
GenInT1:11:1
GenInT1:11:1
GenInT1:11:1
GenInT1:11:1
GenInT1:11:1
GenInT1:11:1
GenInT1:01:0
RQ1T1:1101:0
RQ2T1:0000110:0
RQ3T1:0000100:0
RQ4T1:0100:0
RQ5T1:0100:0
GenInT1:11:1
GenInT1:11:1
GenInT1:11:1
GenInT1:11:1
GenInT1:11:1
GenInT1:11:1
GenInT1:11:1
GenInT1:11:1
GenInT1:11:1
GenInT1:01:0
RQ1T1:1101:0
RQ2T1:0000110:0
RQ3T1:0000100:0
RQ4T1:0100:0
RQ5T1:0100:0
GenInT1:11:1
GenInT1:11:1
GenInT1:11:1
GenInT1:11:1
GenInT1:11:1
GenInT1:11:1
GenInT1:11:1
GenInT1:11:1
GenInT1:11:1
GenInT1:01:0
RQ1T1:1101:0
RQ2T1:0000110:0
RQ3T1:0000100:0
RQ4T1:0100:0
RQ5T1:0100:0
GenInT1:11:1
GenInT1:11:1
GenInT1:11:1
GenInT1:11:1
GenInT1:11:1
GenInT1:11:1
GenInT1:11:1
GenInT1:11:1
GenInT1:11:1
GenInT1:01:0
RQ1T1:1101:0
RQ2T1:0000110:0
RQ3T1:0000100:0
RQ4T1:0100:0
RQ5T1:0100:0
GenInT1:11:1
GenInT1:11:1
GenInT1:11:1
GenInT1:11:1
GenInT1:11:1
GenInT1:11:1
GenInT1:11:1
GenInT1:11:1
GenInT1:11:1
GenInT1:01:0
RQ1T1:1101:0
RQ2T1:0100110:0
RQ3T1:0100100:0
RQ4T1:0100:0
RQ5T1:0100:0
GenInT1:11:1
GenInT1:11:1
GenInT1:11:1
GenInT1:11:1
GenInT1:11:1
GenInT1:11:1
GenInT1:11:1
GenInT1:11:1
GenInT1:11:1
GenInT1:01:0
RQ1T1:1001:0
RQ2T1:1001110:0
RQ3T1:1001100:0
RQ4T1:0100:0
RQ5T1:0100:0
GenInT1:11:1
GenInT1:11:1
GenInT1:11:1
GenInT1:11:1
GenInT1:11:1
GenInT1:11:1
GenInT1:11:1
GenInT1:11:1
GenInT1:11:1
GenInT1:01:0
RQ1T1:0101:0
RQ2T1:0010110:0
RQ3T1:0010100:0
RQ4T1:0100:0
RQ5T1:0100:0
GenInT1:11:1
GenInT1:11:1
GenInT1:11:1
GenInT1:11:1
GenInT1:11:1
GenInT1:11:1
GenInT1:11:1
GenInT1:11:1
GenInT1:11:1
GenInT1:01:0
RQ1T1:1001:0
RQ2T1:0001110:0
RQ3T1:0001100:0
RQ4T1:0100:0
RQ5T1:0100:0
GenInT1:11:1
GenInT1:11:1
GenInT1:11:1
GenInT1:11:1
GenInT1:11:1
GenInT1:11:1
GenInT1:11:1
GenInT1:11:1
GenInT1:11:1
GenInT1:01:0
RQ1T1:0101:0
RQ2T1:0010110:0
RQ3T1:0010100:0
RQ4T1:0100:0
RQ5T1:0100:0
GenInT1:11:1
GenInT1:11:1
GenInT1:11:1
GenInT1:11:1
GenInT1:11:1
GenInT1:11:1
GenInT1:11:1
GenInT1:11:1
GenInT1:11:1
GenInT1:01:0
RQ1T1:1001:0
RQ2T1:0101110:0
RQ3T1:0101100:0
RQ4T1:0100:0
RQ5T1:0100:0
GenInT1:11:1
GenInT1:11:1
GenInT1:11:1
GenInT1:11:1
GenInT1:11:1
GenInT1:11:1
GenInT1:11:1
GenInT1:11:1
GenInT1:11:1
GenInT1:01:0
RQ1T1:0001:0
RQ2T1:1111110:0
RQ3T1:1111100:0
RQ4T1:0100:0
RQ5T1:0100:0
GenInT1:11:1
GenInT1:11:1
GenInT1:11:1
GenInT1:11:1
GenInT1:11:1
GenInT1:11:1
GenInT1:11:1
GenInT1:11:1
GenInT1:11:1
GenInT1:01:0
RQ1T1:0001:0
RQ2T1:1011110:0
RQ3T1:1011100:0
RQ4T1:0100:0
RQ5T1:0100:0
GenInT1:11:1
GenInT1:11:1
GenInT1:11:1
GenInT1:11:1
GenInT1:11:1
GenInT1:11:1
GenInT1:11:1
GenInT1:11:1
GenInT1:11:1
GenInT1:01:0
RQ1T1:0101:0
RQ2T1:0110110:0
RQ3T1:0110100:0
RQ4T1:0100:0
RQ5T1:0100:0
GenInT1:11:1
GenInT1:11:1
GenInT1:11:1
GenInT1:11:1
GenInT1:11:1
GenInT1:11:1
GenInT1:11:1
GenInT1:11:1
GenInT1:11:1
GenInT1:01:0
RQ1T1:1001:0
RQ2T1:1101110:0
RQ3T1:1101100:0
RQ4T1:0100:0
RQ5T1:0100:0
GenInT1:11:1
GenInT1:11:1
GenInT1:11:1
GenInT1:11:1
GenInT1:11:1
GenInT1:11:1
GenInT1:11:1
GenInT1:11:1
GenInT1:11:1
GenInT1:01:0
RQ1T1:0001:0
RQ2T1:1011110:0
RQ3T1:1011100:0
RQ4T1:0100:0
RQ5T1:0100:0
GenInT1:11:1
GenInT1:11:1
GenInT1:11:1
GenInT1:11:1
GenInT1:11:1
GenInT1:11:1
GenInT1:11:1
GenInT1:11:1
GenInT1:11:1
GenInT1:01:0
RQ1T1:0101:0
RQ2T1:0010110:0
RQ3T1:0010100:0
RQ4T1:0100:0
RQ5T1:0100:0
GenInT1:11:1
GenInT1:11:1
GenInT1:11:1
GenInT1:11:1
GenInT1:11:1
GenInT1:11:1
GenInT1:11:1
GenInT1:11:1
GenInT1:11:1
GenInT1:01:0
RQ1T1:1001:0
RQ2T1:0101110:0
RQ3T1:0101100:0
RQ4T1:0100:0
RQ5T1:0100:0
GenInT1:11:1
GenInT1:11:1
GenInT1:11:1
GenInT1:11:1
GenInT1:11:1
GenInT1:11:1
GenInT1:11:1
GenInT1:11:1
GenInT1:11:1
GenInT1:01:0
RQ1T1:0101:0
RQ2T1:1010110:0
RQ3T1:1010100:0
RQ4T1:0100:0
RQ5T1:0100:0
GenInT1:11:1
GenInT1:11:1
GenInT1:11:1
GenInT1:11:1
GenInT1:11:1
GenInT1:11:1
GenInT1:11:1
GenInT1:11:1
GenInT1:11:1
GenInT1:01:0
RQ1T1:1001:0
RQ2T1:0001110:0
RQ3T1:0001100:0
RQ4T1:0100:0
RQ5T1:0100:0
GenInT1:11:1
GenInT1:11:1
GenInT1:11:1
GenInT1:11:1
GenInT1:11:1
GenInT1:11:1
GenInT1:11:1
GenInT1:11:1
GenInT1:11:1
GenInT1:01:0
RQ1T1:0101:0
RQ2T1:0010110:0
RQ3T1:0010100:0
RQ4T1:0100:0
RQ5T1:0100:0
GenInT1:11:1
GenInT1:11:1
GenInT1:11:1
GenInT1:11:1
GenInT1:11:1
GenInT1:11:1
GenInT1:11:1
GenInT1:11:1
GenInT1:11:1
GenInT1:01:0
RQ1T1:1001:0
RQ2T1:0001110:0
RQ3T1:0001100:0
RQ4T1:0100:0
RQ5T1:0100:0
GenInT1:11:1
GenInT1:11:1
GenInT1:11:1
GenInT1:11:1
GenInT1:11:1
GenInT1:11:1
GenInT1:11:1
GenInT1:11:1
GenInT1:11:1
GenInT1:01:0
RQ1T1:0001:0
RQ2T1:0011110:0
RQ3T1:0011100:0
RQ4T1:0100:0
RQ5T1:0100:0
GenInT1:11:1
GenInT1:11:1
GenInT1:11:1
GenInT1:11:1
GenInT1:11:1
GenInT1:11:1
GenInT1:11:1
GenInT1:11:1
GenInT1:11:1
GenInT1:01:0
RQ1T1:0001:0
RQ2T1:0111110:1
RQ2T1:0111110:1
RQ3T1:0111100:0
RQ4T1:0100:0
RQ5T1:0100:0
RQ2T1:0111110:1
GenInT1:01:0
RQ1T1:0001:0
RQ2T1:0111011:0
RQ3T1:0111000:0
RQ4T1:1100:0
RQ5T1:0100:0
GenInT1:11:1
GenInT1:11:1
GenInT1:11:1
GenInT1:11:1
GenInT1:11:1
GenInT1:11:1
GenInT1:11:1
GenInT1:11:1
GenInT1:11:1
GenInT1:01:0
RQ1T1:0101:0
RQ2T1:1110010:0
RQ3T1:1110000:0
RQ4T1:1100:0
RQ5T1:0100:0
GenInT1:11:1
GenInT1:11:1
GenInT1:11:1
GenInT1:11:1
GenInT1:11:1
GenInT1:11:1
GenInT1:11:1
GenInT1:11:1
GenInT1:11:1
GenInT1:01:0
RQ1T1:1101:0
RQ2T1:1100010:0
RQ3T1:1100000:0
RQ4T1:1100:0
RQ5T1:0100:0
GenInT1:11:1
GenInT1:11:1
GenInT1:11:1
GenInT1:11:1
GenInT1:11:1
GenInT1:11:1
GenInT1:11:1
GenInT1:11:1
GenInT1:11:1
GenInT1:01:0
RQ1T1:1101:0
RQ2T1:1000010:0
RQ3T1:1000000:0
RQ4T1:1100:0
RQ5T1:0100:0
GenInT1:11:1
GenInT1:11:1
GenInT1:11:1
GenInT1:11:1
GenInT1:11:1
GenInT1:11:1
GenInT1:11:1
GenInT1:11:1
GenInT1:11:1
GenInT1:00:0
RQ1T1:1101:0
RQ2T1:0000010:0
RQ3T1:0000000:0
RQ4T1:1100:0
RQ5T1:0100:0
GenInT1:00:0
RQ1T1:1101:0
RQ2T1:0000010:0
RQ3T1:0000000:0
RQ4T1:1100:0
RQ5T1:0100:0
GenInT1:00:0
RQ1T1:1101:0
RQ2T1:0000010:0
RQ3T1:0000000:0
RQ4T1:1100:0
RQ5T1:0100:0
GenInT1:00:0
RQ1T1:1101:0
RQ2T1:0000010:0
RQ3T1:0000000:0
RQ4T1:1100:0
RQ5T1:0100:0
GenInT1:00:0
RQ1T1:1101:0
RQ2T1:0000010:0
RQ3T1:0000000:0
RQ4T1:1100:0
RQ5T1:0100:0
GenInT1:00:0
RQ1T1:1101:0
RQ2T1:0000010:0
RQ3T1:0000000:0
RQ4T1:1100:0
RQ5T1:0100:0
GenInT1:00:0
RQ1T1:1101:0
RQ2T1:0000010:0
RQ3T1:0000000:0
RQ4T1:1100:0
RQ5T1:0100:0
GenInT1:00:0
RQ1T1:1101:0
RQ2T1:0000010:0
RQ3T1:0000000:0
RQ4T1:1100:0
RQ5T1:0100:0
GenInT1:00:0
RQ1T1:1101:0
RQ2T1:0000010:0
RQ3T1:0000000:0
RQ4T1:1100:0
RQ5T1:0100:0
GenInT1:00:0
RQ1T1:1101:0
RQ2T1:0000010:0
RQ3T1:0000000:0
RQ4T1:1100:0
RQ5T1:0100:0
GenInT1:00:0
RQ1T1:1101:0
RQ2T1:0000010:0
RQ3T1:0000000:0
RQ4T1:1100:0
RQ5T1:0100:0
GenInT1:00:0
RQ1T1:1101:0
RQ2T1:0000010:0
RQ3T1:0000000:0
RQ4T1:1100:0
RQ5T1:0100:0
GenInT1:00:0
RQ1T1:1101:0
RQ2T1:0000010:0
RQ3T1:0000000:0
RQ4T1:1100:0
RQ5T1:0100:0
GenInT1:00:0
RQ1T1:1101:0
RQ2T1:0000010:0
RQ3T1:0000000:0
RQ4T1:1100:0
RQ5T1:0100:0
GenInT1:00:0
RQ1T1:1101:0
RQ2T1:0000010:0
RQ3T1:0000000:0
RQ4T1:1100:0
RQ5T1:0100:0
GenInT1:00:0
RQ1T1:1101:0
RQ2T1:0000010:0
RQ3T1:0000000:0
RQ4T1:1100:0
RQ5T1:0100:0
GenInT1:00:0
RQ1T1:1101:0
RQ2T1:0000010:0
RQ3T1:0000000:0
RQ4T1:1100:0
RQ5T1:0100:0
GenInT1:00:0
RQ1T1:1101:0
RQ2T1:0000010:0
RQ3T1:0000000:0
RQ4T1:1100:0
RQ5T1:0100:0
GenInT1:00:0
RQ1T1:1101:0
RQ2T1:0000010:0
RQ3T1:0000000:0
RQ4T1:1100:0
RQ5T1:0100:0
GenInT1:00:0
RQ1T1:1101:0
RQ2T1:0000010:0
RQ3T1:0000000:0
RQ4T1:1100:0
RQ5T1:0100:0
GenInT1:00:0
RQ1T1:1101:0
RQ2T1:0000010:0
RQ3T1:0000000:0
RQ4T1:1100:0
RQ5T1:0100:0
GenInT1:00:0
RQ1T1:1101:0
RQ2T1:0000010:0
RQ3T1:0000000:0
RQ4T1:1100:0
RQ5T1:0100:0
GenInT1:00:0
RQ1T1:1101:0
RQ2T1:0000010:0
RQ3T1:0000000:0
RQ4T1:1100:0
RQ5T1:0100:0
GenInT1:00:0
RQ1T1:1101:0
RQ2T1:0000010:0
RQ3T1:0000000:0
RQ4T1:1100:0
RQ5T1:0100:0
GenInT1:00:0
RQ1T1:1101:0
RQ2T1:0000010:0
RQ3T1:0000000:0
RQ4T1:1100:0
RQ5T1:0100:0
GenInT1:00:0
RQ1T1:1101:0
RQ2T1:0000010:0
RQ3T1:0000000:0
RQ4T1:1100:0
RQ5T1:0100:0
GenInT1:00:0
RQ1T1:1101:0
RQ2T1:0000010:0
RQ3T1:0000000:0
RQ4T1:1100:0
RQ5T1:0100:0
GenInT1:00:0
RQ1T1:1101:0
RQ2T1:0000010:0
RQ3T1:0000000:0
RQ4T1:1100:0
RQ5T1:0100:0
GenInT1:00:0
RQ1T1:1101:0
RQ2T1:0000010:0
RQ3T1:0000000:0
RQ4T1:1100:0
RQ5T1:0100:0
GenInT1:00:0
RQ1T1:1101:0
RQ2T1:0000010:0
RQ3T1:0000000:0
RQ4T1:1100:0
RQ5T1:0100:0
GenInT1:00:0
RQ1T1:1101:0
RQ2T1:0000010:0
RQ3T1:0000000:0
RQ4T1:1100:0
RQ5T1:0100:0
GenInT1:00:0
RQ1T1:1101:0
RQ2T1:0000010:0
RQ3T1:0000000:0
RQ4T1:1100:0
RQ5T1:0100:0
GenInT1:10:0
RQ1T1:1001:0
RQ2T1:0101010:0
RQ3T1:0101000:0
RQ4T1:1100:0
RQ5T1:0100:0
CPU time[0.031]
MCDC instrumentation stopped
Logging stopped
Logging started
MCDC instrumentation started
default configuration
GenInT1:11:1
GenInT1:11:1
GenInT1:11:1
GenInT1:11:1
GenInT1:11:1
GenInT1:11:1
GenInT1:11:1
GenInT1:11:1
GenInT1:11:1
GenInT1:01:0
RQ1T1:0011:0
RQ2T1:0011010:0
RQ3T1:0011000:0
RQ4T1:0100:0
RQ5T1:0100:0
GenInT1:11:1
GenInT1:11:1
GenInT1:11:1
GenInT1:11:1
GenInT1:11:1
GenInT1:11:1
GenInT1:11:1
GenInT1:11:1
GenInT1:11:1
GenInT1:01:0
RQ1T1:0011:0
RQ2T1:0111010:0
RQ3T1:0111000:0
RQ4T1:0100:0
RQ5T1:0100:0
GenInT1:11:1
GenInT1:11:1
GenInT1:11:1
GenInT1:11:1
GenInT1:11:1
GenInT1:11:1
GenInT1:11:1
GenInT1:11:1
GenInT1:11:1
GenInT1:01:0
RQ1T1:0111:1
RQ1T1:0111:1
RQ2T1:1110010:0
RQ3T1:1110000:0
RQ4T1:0100:0
RQ5T1:0100:0
RQ1T1:0111:1
GenInT1:01:0
RQ1T1:0100:0
RQ2T1:1110110:0
RQ3T1:1110100:0
RQ4T1:0100:0
RQ5T1:0100:0
GenInT1:11:1
GenInT1:11:1
GenInT1:11:1
GenInT1:11:1
GenInT1:11:1
GenInT1:11:1
GenInT1:11:1
GenInT1:11:1
GenInT1:11:1
GenInT1:01:0
RQ1T1:1101:0
RQ2T1:1100110:0
RQ3T1:1100100:0
RQ4T1:0100:0
RQ5T1:0100:0
GenInT1:11:1
GenInT1:11:1
GenInT1:11:1
GenInT1:11:1
GenInT1:11:1
GenInT1:11:1
GenInT1:11:1
GenInT1:11:1
GenInT1:11:1
GenInT1:01:0
RQ1T1:1101:0
RQ2T1:1000110:0
RQ3T1:1000100:0
RQ4T1:0100:0
RQ5T1:0100:0
GenInT1:11:1
GenInT1:11:1
GenInT1:11:1
GenInT1:11:1
GenInT1:11:1
GenInT1:11:1
GenInT1:11:1
GenInT1:11:1
GenInT1:11:1
GenInT1:01:0
RQ1T1:1101:0
RQ2T1:0000110:0
RQ3T1:0000100:0
RQ4T1:0100:0
RQ5T1:0100:0
GenInT1:11:1
GenInT1:11:1
GenInT1:11:1
GenInT1:11:1
GenInT1:11:1
GenInT1:11:1
GenInT1:11:1
GenInT1:11:1
GenInT1:11:1
GenInT1:01:0
RQ1T1:1101:0
RQ2T1:0000110:0
RQ3T1:0000100:0
RQ4T1:0100:0
RQ5T1:0100:0
GenInT1:11:1
GenInT1:11:1
GenInT1:11:1
GenInT1:11:1
GenInT1:11:1
GenInT1:11:1
GenInT1:11:1
GenInT1:11:1
GenInT1:11:1
GenInT1:01:0
RQ1T1:1101:0
RQ2T1:0100110:0
RQ3T1:0100100:0
RQ4T1:0100:0
RQ5T1:0100:0
GenInT1:11:1
GenInT1:11:1
GenInT1:11:1
GenInT1:11:1
GenInT1:11:1
GenInT1:11:1
GenInT1:11:1
GenInT1:11:1
GenInT1:11:1
GenInT1:01:0
RQ1T1:1001:0
RQ2T1:1001110:0
RQ3T1:1001100:0
RQ4T1:0100:0
RQ5T1:0100:0
GenInT1:11:1
GenInT1:11:1
GenInT1:11:1
GenInT1:11:1
GenInT1:11:1
GenInT1:11:1
GenInT1:11:1
GenInT1:11:1
GenInT1:11:1
GenInT1:01:0
RQ1T1:0101:0
RQ2T1:0010110:0
RQ3T1:0010100:0
RQ4T1:0100:0
RQ5T1:0100:0
GenInT1:11:1
GenInT1:11:1
GenInT1:11:1
GenInT1:11:1
GenInT1:11:1
GenInT1:11:1
GenInT1:11:1
GenInT1:11:1
GenInT1:11:1
GenInT1:01:0
RQ1T1:1101:0
RQ2T1:0100110:0
RQ3T1:0100100:0
RQ4T1:0100:0
RQ5T1:0100:0
GenInT1:11:1
GenInT1:11:1
GenInT1:11:1
GenInT1:11:1
GenInT1:11:1
GenInT1:11:1
GenInT1:11:1
GenInT1:11:1
GenInT1:11:1
GenInT1:01:0
RQ1T1:1101:0
RQ2T1:1000110:0
RQ3T1:1000100:0
RQ4T1:0100:0
RQ5T1:0100:0
GenInT1:11:1
GenInT1:11:1
GenInT1:11:1
GenInT1:11:1
GenInT1:11:1
GenInT1:11:1
GenInT1:11:1
GenInT1:11:1
GenInT1:11:1
GenInT1:01:0
RQ1T1:1001:0
RQ2T1:0001110:0
RQ3T1:0001100:0
RQ4T1:0100:0
RQ5T1:0100:0
GenInT1:11:1
GenInT1:11:1
GenInT1:11:1
GenInT1:11:1
GenInT1:11:1
GenInT1:11:1
GenInT1:11:1
GenInT1:11:1
GenInT1:11:1
GenInT1:01:0
RQ1T1:0101:0
RQ2T1:0110110:0
RQ3T1:0110100:0
RQ4T1:0100:0
RQ5T1:0100:0
GenInT1:11:1
GenInT1:11:1
GenInT1:11:1
GenInT1:11:1
GenInT1:11:1
GenInT1:11:1
GenInT1:11:1
GenInT1:11:1
GenInT1:11:1
GenInT1:01:0
RQ1T1:1001:0
RQ2T1:1101110:0
RQ3T1:1101100:0
RQ4T1:0100:0
RQ5T1:0100:0
GenInT1:11:1
GenInT1:11:1
GenInT1:11:1
GenInT1:11:1
GenInT1:11:1
GenInT1:11:1
GenInT1:11:1
GenInT1:11:1
GenInT1:11:1
GenInT1:01:0
RQ1T1:0001:0
RQ2T1:1111110:0
RQ3T1:1111100:0
RQ4T1:0100:0
RQ5T1:0100:0
GenInT1:11:1
GenInT1:11:1
GenInT1:11:1
GenInT1:11:1
GenInT1:11:1
GenInT1:11:1
GenInT1:11:1
GenInT1:11:1
GenInT1:11:1
GenInT1:01:0
RQ1T1:0101:0
RQ2T1:1010110:0
RQ3T1:1010100:0
RQ4T1:0100:0
RQ5T1:0100:0
GenInT1:11:1
GenInT1:11:1
GenInT1:11:1
GenInT1:11:1
GenInT1:11:1
GenInT1:11:1
GenInT1:11:1
GenInT1:11:1
GenInT1:11:1
GenInT1:01:0
RQ1T1:1101:0
RQ2T1:0100110:0
RQ3T1:0100100:0
RQ4T1:0100:0
RQ5T1:0100:0
GenInT1:11:1
GenInT1:11:1
GenInT1:11:1
GenInT1:11:1
GenInT1:11:1
GenInT1:11:1
GenInT1:11:1
GenInT1:11:1
GenInT1:11:1
GenInT1:01:0
RQ1T1:1001:0
RQ2T1:1001110:0
RQ3T1:1001100:0
RQ4T1:0100:0
RQ5T1:0100:0
GenInT1:11:1
GenInT1:11:1
GenInT1:11:1
GenInT1:11:1
GenInT1:11:1
GenInT1:11:1
GenInT1:11:1
GenInT1:11:1
GenInT1:11:1
GenInT1:01:0
RQ1T1:0001:0
RQ2T1:0111110:1
RQ2T1:0111110:1
RQ3T1:0111100:0
RQ4T1:0100:0
RQ5T1:0100:0
RQ2T1:0111110:1
GenInT1:01:0
RQ1T1:0001:0
RQ2T1:0111011:0
RQ3T1:0111000:0
RQ4T1:1100:0
RQ5T1:0100:0
GenInT1:11:1
GenInT1:11:1
GenInT1:11:1
GenInT1:11:1
GenInT1:11:1
GenInT1:11:1
GenInT1:11:1
GenInT1:11:1
GenInT1:11:1
GenInT1:01:0
RQ1T1:0101:0
RQ2T1:1010010:0
RQ3T1:1010000:0
RQ4T1:1100:0
RQ5T1:0100:0
GenInT1:11:1
GenInT1:11:1
GenInT1:11:1
GenInT1:11:1
GenInT1:11:1
GenInT1:11:1
GenInT1:11:1
GenInT1:11:1
GenInT1:11:1
GenInT1:01:0
RQ1T1:1001:0
RQ2T1:0101010:0
RQ3T1:0101000:0
RQ4T1:1100:0
RQ5T1:0100:0
GenInT1:11:1
GenInT1:11:1
GenInT1:11:1
GenInT1:11:1
GenInT1:11:1
GenInT1:11:1
GenInT1:11:1
GenInT1:11:1
GenInT1:11:1
GenInT1:01:0
RQ1T1:0001:0
RQ2T1:1111010:0
RQ3T1:1111000:0
RQ4T1:1100:0
RQ5T1:0100:0
GenInT1:11:1
GenInT1:11:1
GenInT1:11:1
GenInT1:11:1
GenInT1:11:1
GenInT1:11:1
GenInT1:11:1
GenInT1:11:1
GenInT1:11:1
GenInT1:01:0
RQ1T1:0101:0
RQ2T1:1010010:0
RQ3T1:1010000:0
RQ4T1:1100:0
RQ5T1:0100:0
GenInT1:11:1
GenInT1:11:1
GenInT1:11:1
GenInT1:11:1
GenInT1:11:1
GenInT1:11:1
GenInT1:11:1
GenInT1:11:1
GenInT1:11:1
GenInT1:01:0
RQ1T1:1101:0
RQ2T1:0100010:0
RQ3T1:0100000:0
RQ4T1:1100:0
RQ5T1:0100:0
GenInT1:11:1
GenInT1:11:1
GenInT1:11:1
GenInT1:11:1
GenInT1:11:1
GenInT1:11:1
GenInT1:11:1
GenInT1:11:1
GenInT1:11:1
GenInT1:01:0
RQ1T1:1001:0
RQ2T1:1101010:0
RQ3T1:1101000:0
RQ4T1:1100:0
RQ5T1:0100:0
GenInT1:11:1
GenInT1:11:1
GenInT1:11:1
GenInT1:11:1
GenInT1:11:1
GenInT1:11:1
GenInT1:11:1
GenInT1:11:1
GenInT1:11:1
GenInT1:01:0
RQ1T1:0001:0
RQ2T1:1111010:0
RQ3T1:1111000:0
RQ4T1:1100:0
RQ5T1:0100:0
GenInT1:11:1
GenInT1:11:1
GenInT1:11:1
GenInT1:11:1
GenInT1:11:1
GenInT1:11:1
GenInT1:11:1
GenInT1:11:1
GenInT1:11:1
GenInT1:01:0
RQ1T1:0001:0
RQ2T1:1111010:0
RQ3T1:1111000:0
RQ4T1:1100:0
RQ5T1:0100:0
GenInT1:11:1
GenInT1:11:1
GenInT1:11:1
GenInT1:11:1
GenInT1:11:1
GenInT1:11:1
GenInT1:11:1
GenInT1:11:1
GenInT1:11:1
GenInT1:01:0
RQ1T1:0001:0
RQ2T1:1111010:0
RQ3T1:1111000:0
RQ4T1:1100:0
RQ5T1:0100:0
GenInT1:11:1
GenInT1:11:1
GenInT1:11:1
GenInT1:11:1
GenInT1:11:1
GenInT1:11:1
GenInT1:11:1
GenInT1:11:1
GenInT1:11:1
GenInT1:01:0
RQ1T1:0101:0
RQ2T1:1010010:0
RQ3T1:1010000:0
RQ4T1:1100:0
RQ5T1:0100:0
GenInT1:11:1
GenInT1:11:1
GenInT1:11:1
GenInT1:11:1
GenInT1:11:1
GenInT1:11:1
GenInT1:11:1
GenInT1:11:1
GenInT1:11:1
GenInT1:01:0
RQ1T1:1001:0
RQ2T1:0001010:0
RQ3T1:0001000:0
RQ4T1:1100:0
RQ5T1:0100:0
GenInT1:11:1
GenInT1:11:1
GenInT1:11:1
GenInT1:11:1
GenInT1:11:1
GenInT1:11:1
GenInT1:11:1
GenInT1:11:1
GenInT1:11:1
GenInT1:00:0
RQ1T1:0101:0
RQ2T1:0010010:0
RQ3T1:0010000:0
RQ4T1:1100:0
RQ5T1:0100:0
GenInT1:00:0
RQ1T1:0101:0
RQ2T1:0010010:0
RQ3T1:0010000:0
RQ4T1:1100:0
RQ5T1:0100:0
GenInT1:00:0
RQ1T1:0101:0
RQ2T1:0010010:0
RQ3T1:0010000:0
RQ4T1:1100:0
RQ5T1:0100:0
GenInT1:00:0
RQ1T1:0101:0
RQ2T1:0010010:0
RQ3T1:0010000:0
RQ4T1:1100:0
RQ5T1:0100:0
GenInT1:00:0
RQ1T1:0101:0
RQ2T1:0010010:0
RQ3T1:0010000:0
RQ4T1:1100:0
RQ5T1:0100:0
GenInT1:00:0
RQ1T1:0101:0
RQ2T1:0010010:0
RQ3T1:0010000:0
RQ4T1:1100:0
RQ5T1:0100:0
GenInT1:00:0
RQ1T1:0101:0
RQ2T1:0010010:0
RQ3T1:0010000:0
RQ4T1:1100:0
RQ5T1:0100:0
GenInT1:00:0
RQ1T1:0101:0
RQ2T1:0010010:0
RQ3T1:0010000:0
RQ4T1:1100:0
RQ5T1:0100:0
GenInT1:00:0
RQ1T1:0101:0
RQ2T1:0010010:0
RQ3T1:0010000:0
RQ4T1:1100:0
RQ5T1:0100:0
GenInT1:00:0
RQ1T1:0101:0
RQ2T1:0010010:0
RQ3T1:0010000:0
RQ4T1:1100:0
RQ5T1:0100:0
GenInT1:00:0
RQ1T1:0101:0
RQ2T1:0010010:0
RQ3T1:0010000:0
RQ4T1:1100:0
RQ5T1:0100:0
GenInT1:00:0
RQ1T1:0101:0
RQ2T1:0010010:0
RQ3T1:0010000:0
RQ4T1:1100:0
RQ5T1:0100:0
GenInT1:00:0
RQ1T1:0101:0
RQ2T1:0010010:0
RQ3T1:0010000:0
RQ4T1:1100:0
RQ5T1:0100:0
GenInT1:00:0
RQ1T1:0101:0
RQ2T1:0010010:0
RQ3T1:0010000:0
RQ4T1:1100:0
RQ5T1:0100:0
GenInT1:00:0
RQ1T1:0101:0
RQ2T1:0010010:0
RQ3T1:0010000:0
RQ4T1:1100:0
RQ5T1:0100:0
GenInT1:00:0
RQ1T1:0101:0
RQ2T1:0010010:0
RQ3T1:0010000:0
RQ4T1:1100:0
RQ5T1:0100:0
GenInT1:00:0
RQ1T1:0101:0
RQ2T1:0010010:0
RQ3T1:0010000:0
RQ4T1:1100:0
RQ5T1:0100:0
GenInT1:00:0
RQ1T1:0101:0
RQ2T1:0010010:0
RQ3T1:0010000:0
RQ4T1:1100:0
RQ5T1:0100:0
GenInT1:00:0
RQ1T1:0101:0
RQ2T1:0010010:0
RQ3T1:0010000:0
RQ4T1:1100:0
RQ5T1:0100:0
GenInT1:00:0
RQ1T1:0101:0
RQ2T1:0010010:0
RQ3T1:0010000:0
RQ4T1:1100:0
RQ5T1:0100:0
GenInT1:00:0
RQ1T1:0101:0
RQ2T1:0010010:0
RQ3T1:0010000:0
RQ4T1:1100:0
RQ5T1:0100:0
GenInT1:00:0
RQ1T1:0101:0
RQ2T1:0010010:0
RQ3T1:0010000:0
RQ4T1:1100:0
RQ5T1:0100:0
GenInT1:00:0
RQ1T1:0101:0
RQ2T1:0010010:0
RQ3T1:0010000:0
RQ4T1:1100:0
RQ5T1:0100:0
GenInT1:00:0
RQ1T1:0101:0
RQ2T1:0010010:0
RQ3T1:0010000:0
RQ4T1:1100:0
RQ5T1:0100:0
GenInT1:00:0
RQ1T1:0101:0
RQ2T1:0010010:0
RQ3T1:0010000:0
RQ4T1:1100:0
RQ5T1:0100:0
GenInT1:00:0
RQ1T1:0101:0
RQ2T1:0010010:0
RQ3T1:0010000:0
RQ4T1:1100:0
RQ5T1:0100:0
GenInT1:00:0
RQ1T1:0101:0
RQ2T1:0010010:0
RQ3T1:0010000:0
RQ4T1:1100:0
RQ5T1:0100:0
GenInT1:00:0
RQ1T1:0101:0
RQ2T1:0010010:0
RQ3T1:0010000:0
RQ4T1:1100:0
RQ5T1:0100:0
GenInT1:00:0
RQ1T1:0101:0
RQ2T1:0010010:0
RQ3T1:0010000:0
RQ4T1:1100:0
RQ5T1:0100:0
GenInT1:00:0
RQ1T1:0101:0
RQ2T1:0010010:0
RQ3T1:0010000:0
RQ4T1:1100:0
RQ5T1:0100:0
GenInT1:00:0
RQ1T1:0101:0
RQ2T1:0010010:0
RQ3T1:0010000:0
RQ4T1:1100:0
RQ5T1:0100:0
GenInT1:00:0
RQ1T1:0101:0
RQ2T1:0010010:0
RQ3T1:0010000:0
RQ4T1:1100:0
RQ5T1:0100:0
GenInT1:10:0
RQ1T1:1001:0
RQ2T1:0101010:0
RQ3T1:0101000:0
RQ4T1:1100:0
RQ5T1:0100:0
CPU time[0.063]
MCDC instrumentation stopped
Logging stopped
Logging started
MCDC instrumentation started
default configuration
GenInT1:11:1
GenInT1:11:1
GenInT1:11:1
GenInT1:11:1
GenInT1:11:1
GenInT1:11:1
GenInT1:11:1
GenInT1:11:1
GenInT1:11:1
GenInT1:01:0
RQ1T1:0011:0
RQ2T1:0011010:0
RQ3T1:0011000:0
RQ4T1:0100:0
RQ5T1:0100:0
GenInT1:11:1
GenInT1:11:1
GenInT1:11:1
GenInT1:11:1
GenInT1:11:1
GenInT1:11:1
GenInT1:11:1
GenInT1:11:1
GenInT1:11:1
GenInT1:01:0
RQ1T1:0111:1
RQ1T1:0111:1
RQ2T1:0010010:0
RQ3T1:0010000:0
RQ4T1:0100:0
RQ5T1:0100:0
RQ1T1:0111:1
GenInT1:01:0
RQ1T1:0100:0
RQ2T1:0010110:0
RQ3T1:0010100:0
RQ4T1:0100:0
RQ5T1:0100:0
GenInT1:11:1
GenInT1:11:1
GenInT1:11:1
GenInT1:11:1
GenInT1:11:1
GenInT1:11:1
GenInT1:11:1
GenInT1:11:1
GenInT1:11:1
GenInT1:01:0
RQ1T1:1001:0
RQ2T1:0001110:0
RQ3T1:0001100:0
RQ4T1:0100:0
RQ5T1:0100:0
GenInT1:11:1
GenInT1:11:1
GenInT1:11:1
GenInT1:11:1
GenInT1:11:1
GenInT1:11:1
GenInT1:11:1
GenInT1:11:1
GenInT1:11:1
GenInT1:01:0
RQ1T1:0001:0
RQ2T1:0011110:0
RQ3T1:0011100:0
RQ4T1:0100:0
RQ5T1:0100:0
GenInT1:11:1
GenInT1:11:1
GenInT1:11:1
GenInT1:11:1
GenInT1:11:1
GenInT1:11:1
GenInT1:11:1
GenInT1:11:1
GenInT1:11:1
GenInT1:01:0
RQ1T1:0101:0
RQ2T1:0010110:0
RQ3T1:0010100:0
RQ4T1:0100:0
RQ5T1:0100:0
GenInT1:11:1
GenInT1:11:1
GenInT1:11:1
GenInT1:11:1
GenInT1:11:1
GenInT1:11:1
GenInT1:11:1
GenInT1:11:1
GenInT1:11:1
GenInT1:01:0
RQ1T1:1101:0
RQ2T1:0000110:0
RQ3T1:0000100:0
RQ4T1:0100:0
RQ5T1:0100:0
GenInT1:11:1
GenInT1:11:1
GenInT1:11:1
GenInT1:11:1
GenInT1:11:1
GenInT1:11:1
GenInT1:11:1
GenInT1:11:1
GenInT1:11:1
GenInT1:01:0
RQ1T1:1101:0
RQ2T1:0000110:0
RQ3T1:0000100:0
RQ4T1:0100:0
RQ5T1:0100:0
GenInT1:11:1
GenInT1:11:1
GenInT1:11:1
GenInT1:11:1
GenInT1:11:1
GenInT1:11:1
GenInT1:11:1
GenInT1:11:1
GenInT1:11:1
GenInT1:01:0
RQ1T1:1101:0
RQ2T1:0000110:0
RQ3T1:0000100:0
RQ4T1:0100:0
RQ5T1:0100:0
GenInT1:11:1
GenInT1:11:1
GenInT1:11:1
GenInT1:11:1
GenInT1:11:1
GenInT1:11:1
GenInT1:11:1
GenInT1:11:1
GenInT1:11:1
GenInT1:01:0
RQ1T1:1101:0
RQ2T1:0000110:0
RQ3T1:0000100:0
RQ4T1:0100:0
RQ5T1:0100:0
GenInT1:11:1
GenInT1:11:1
GenInT1:11:1
GenInT1:11:1
GenInT1:11:1
GenInT1:11:1
GenInT1:11:1
GenInT1:11:1
GenInT1:11:1
GenInT1:01:0
RQ1T1:1101:0
RQ2T1:0100110:0
RQ3T1:0100100:0
RQ4T1:0100:0
RQ5T1:0100:0
GenInT1:11:1
GenInT1:11:1
GenInT1:11:1
GenInT1:11:1
GenInT1:11:1
GenInT1:11:1
GenInT1:11:1
GenInT1:11:1
GenInT1:11:1
GenInT1:01:0
RQ1T1:1001:0
RQ2T1:1001110:0
RQ3T1:1001100:0
RQ4T1:0100:0
RQ5T1:0100:0
GenInT1:11:1
GenInT1:11:1
GenInT1:11:1
GenInT1:11:1
GenInT1:11:1
GenInT1:11:1
GenInT1:11:1
GenInT1:11:1
GenInT1:11:1
GenInT1:01:0
RQ1T1:0101:0
RQ2T1:0010110:0
RQ3T1:0010100:0
RQ4T1:0100:0
RQ5T1:0100:0
GenInT1:11:1
GenInT1:11:1
GenInT1:11:1
GenInT1:11:1
GenInT1:11:1
GenInT1:11:1
GenInT1:11:1
GenInT1:11:1
GenInT1:11:1
GenInT1:01:0
RQ1T1:1001:0
RQ2T1:0001110:0
RQ3T1:0001100:0
RQ4T1:0100:0
RQ5T1:0100:0
GenInT1:11:1
GenInT1:11:1
GenInT1:11:1
GenInT1:11:1
GenInT1:11:1
GenInT1:11:1
GenInT1:11:1
GenInT1:11:1
GenInT1:11:1
GenInT1:01:0
RQ1T1:0101:0
RQ2T1:0010110:0
RQ3T1:0010100:0
RQ4T1:0100:0
RQ5T1:0100:0
GenInT1:11:1
GenInT1:11:1
GenInT1:11:1
GenInT1:11:1
GenInT1:11:1
GenInT1:11:1
GenInT1:11:1
GenInT1:11:1
GenInT1:11:1
GenInT1:01:0
RQ1T1:1001:0
RQ2T1:0101110:0
RQ3T1:0101100:0
RQ4T1:0100:0
RQ5T1:0100:0
GenInT1:11:1
GenInT1:11:1
GenInT1:11:1
GenInT1:11:1
GenInT1:11:1
GenInT1:11:1
GenInT1:11:1
GenInT1:11:1
GenInT1:11:1
GenInT1:01:0
RQ1T1:0001:0
RQ2T1:1111110:0
RQ3T1:1111100:0
RQ4T1:0100:0
RQ5T1:0100:0
GenInT1:11:1
GenInT1:11:1
GenInT1:11:1
GenInT1:11:1
GenInT1:11:1
GenInT1:11:1
GenInT1:11:1
GenInT1:11:1
GenInT1:11:1
GenInT1:01:0
RQ1T1:0001:0
RQ2T1:1011110:0
RQ3T1:1011100:0
RQ4T1:0100:0
RQ5T1:0100:0
GenInT1:11:1
GenInT1:11:1
GenInT1:11:1
GenInT1:11:1
GenInT1:11:1
GenInT1:11:1
GenInT1:11:1
GenInT1:11:1
GenInT1:11:1
GenInT1:01:0
RQ1T1:0101:0
RQ2T1:0110110:0
RQ3T1:0110100:0
RQ4T1:0100:0
RQ5T1:0100:0
GenInT1:11:1
GenInT1:11:1
GenInT1:11:1
GenInT1:11:1
GenInT1:11:1
GenInT1:11:1
GenInT1:11:1
GenInT1:11:1
GenInT1:11:1
GenInT1:01:0
RQ1T1:1001:0
RQ2T1:1101110:0
RQ3T1:1101100:0
RQ4T1:0100:0
RQ5T1:0100:0
GenInT1:11:1
GenInT1:11:1
GenInT1:11:1
GenInT1:11:1
GenInT1:11:1
GenInT1:11:1
GenInT1:11:1
GenInT1:11:1
GenInT1:11:1
GenInT1:01:0
RQ1T1:0001:0
RQ2T1:1011110:0
RQ3T1:1011100:0
RQ4T1:0100:0
RQ5T1:0100:0
GenInT1:11:1
GenInT1:11:1
GenInT1:11:1
GenInT1:11:1
GenInT1:11:1
GenInT1:11:1
GenInT1:11:1
GenInT1:11:1
GenInT1:11:1
GenInT1:01:0
RQ1T1:0101:0
RQ2T1:0010110:0
RQ3T1:0010100:0
RQ4T1:0100:0
RQ5T1:0100:0
GenInT1:11:1
GenInT1:11:1
GenInT1:11:1
GenInT1:11:1
GenInT1:11:1
GenInT1:11:1
GenInT1:11:1
GenInT1:11:1
GenInT1:11:1
GenInT1:01:0
RQ1T1:1001:0
RQ2T1:0101110:0
RQ3T1:0101100:0
RQ4T1:0100:0
RQ5T1:0100:0
GenInT1:11:1
GenInT1:11:1
GenInT1:11:1
GenInT1:11:1
GenInT1:11:1
GenInT1:11:1
GenInT1:11:1
GenInT1:11:1
GenInT1:11:1
GenInT1:01:0
RQ1T1:0101:0
RQ2T1:1010110:0
RQ3T1:1010100:0
RQ4T1:0100:0
RQ5T1:0100:0
GenInT1:11:1
GenInT1:11:1
GenInT1:11:1
GenInT1:11:1
GenInT1:11:1
GenInT1:11:1
GenInT1:11:1
GenInT1:11:1
GenInT1:11:1
GenInT1:01:0
RQ1T1:1001:0
RQ2T1:0001110:0
RQ3T1:0001100:0
RQ4T1:0100:0
RQ5T1:0100:0
GenInT1:11:1
GenInT1:11:1
GenInT1:11:1
GenInT1:11:1
GenInT1:11:1
GenInT1:11:1
GenInT1:11:1
GenInT1:11:1
GenInT1:11:1
GenInT1:01:0
RQ1T1:0101:0
RQ2T1:0010110:0
RQ3T1:0010100:0
RQ4T1:0100:0
RQ5T1:0100:0
GenInT1:11:1
GenInT1:11:1
GenInT1:11:1
GenInT1:11:1
GenInT1:11:1
GenInT1:11:1
GenInT1:11:1
GenInT1:11:1
GenInT1:11:1
GenInT1:01:0
RQ1T1:1001:0
RQ2T1:0001110:0
RQ3T1:0001100:0
RQ4T1:0100:0
RQ5T1:0100:0
GenInT1:11:1
GenInT1:11:1
GenInT1:11:1
GenInT1:11:1
GenInT1:11:1
GenInT1:11:1
GenInT1:11:1
GenInT1:11:1
GenInT1:11:1
GenInT1:01:0
RQ1T1:0001:0
RQ2T1:0011110:0
RQ3T1:0011100:0
RQ4T1:0100:0
RQ5T1:0100:0
GenInT1:11:1
GenInT1:11:1
GenInT1:11:1
GenInT1:11:1
GenInT1:11:1
GenInT1:11:1
GenInT1:11:1
GenInT1:11:1
GenInT1:11:1
GenInT1:01:0
RQ1T1:0001:0
RQ2T1:0111110:1
RQ2T1:0111110:1
RQ3T1:0111100:0
RQ4T1:0100:0
RQ5T1:0100:0
RQ2T1:0111110:1
GenInT1:01:0
RQ1T1:0001:0
RQ2T1:0111011:0
RQ3T1:0111000:0
RQ4T1:1100:0
RQ5T1:0100:0
GenInT1:11:1
GenInT1:11:1
GenInT1:11:1
GenInT1:11:1
GenInT1:11:1
GenInT1:11:1
GenInT1:11:1
GenInT1:11:1
GenInT1:11:1
GenInT1:01:0
RQ1T1:0101:0
RQ2T1:1110010:0
RQ3T1:1110000:0
RQ4T1:1100:0
RQ5T1:0100:0
GenInT1:11:1
GenInT1:11:1
GenInT1:11:1
GenInT1:11:1
GenInT1:11:1
GenInT1:11:1
GenInT1:11:1
GenInT1:11:1
GenInT1:11:1
GenInT1:01:0
RQ1T1:1101:0
RQ2T1:1100010:0
RQ3T1:1100000:0
RQ4T1:1100:0
RQ5T1:0100:0
GenInT1:11:1
GenInT1:11:1
GenInT1:11:1
GenInT1:11:1
GenInT1:11:1
GenInT1:11:1
GenInT1:11:1
GenInT1:11:1
GenInT1:11:1
GenInT1:01:0
RQ1T1:1101:0
RQ2T1:1000010:0
RQ3T1:1000000:0
RQ4T1:1100:0
RQ5T1:0100:0
GenInT1:11:1
GenInT1:11:1
GenInT1:11:1
GenInT1:11:1
GenInT1:11:1
GenInT1:11:1
GenInT1:11:1
GenInT1:11:1
GenInT1:11:1
GenInT1:00:0
RQ1T1:1101:0
RQ2T1:0000010:0
RQ3T1:0000000:0
RQ4T1:1100:0
RQ5T1:0100:0
GenInT1:00:0
RQ1T1:1101:0
RQ2T1:0000010:0
RQ3T1:0000000:0
RQ4T1:1100:0
RQ5T1:0100:0
GenInT1:00:0
RQ1T1:1101:0
RQ2T1:0000010:0
RQ3T1:0000000:0
RQ4T1:1100:0
RQ5T1:0100:0
GenInT1:00:0
RQ1T1:1101:0
RQ2T1:0000010:0
RQ3T1:0000000:0
RQ4T1:1100:0
RQ5T1:0100:0
GenInT1:00:0
RQ1T1:1101:0
RQ2T1:0000010:0
RQ3T1:0000000:0
RQ4T1:1100:0
RQ5T1:0100:0
GenInT1:00:0
RQ1T1:1101:0
RQ2T1:0000010:0
RQ3T1:0000000:0
RQ4T1:1100:0
RQ5T1:0100:0
GenInT1:00:0
RQ1T1:1101:0
RQ2T1:0000010:0
RQ3T1:0000000:0
RQ4T1:1100:0
RQ5T1:0100:0
GenInT1:00:0
RQ1T1:1101:0
RQ2T1:0000010:0
RQ3T1:0000000:0
RQ4T1:1100:0
RQ5T1:0100:0
GenInT1:00:0
RQ1T1:1101:0
RQ2T1:0000010:0
RQ3T1:0000000:0
RQ4T1:1100:0
RQ5T1:0100:0
GenInT1:00:0
RQ1T1:1101:0
RQ2T1:0000010:0
RQ3T1:0000000:0
RQ4T1:1100:0
RQ5T1:0100:0
GenInT1:00:0
RQ1T1:1101:0
RQ2T1:0000010:0
RQ3T1:0000000:0
RQ4T1:1100:0
RQ5T1:0100:0
GenInT1:00:0
RQ1T1:1101:0
RQ2T1:0000010:0
RQ3T1:0000000:0
RQ4T1:1100:0
RQ5T1:0100:0
GenInT1:00:0
RQ1T1:1101:0
RQ2T1:0000010:0
RQ3T1:0000000:0
RQ4T1:1100:0
RQ5T1:0100:0
GenInT1:00:0
RQ1T1:1101:0
RQ2T1:0000010:0
RQ3T1:0000000:0
RQ4T1:1100:0
RQ5T1:0100:0
GenInT1:00:0
RQ1T1:1101:0
RQ2T1:0000010:0
RQ3T1:0000000:0
RQ4T1:1100:0
RQ5T1:0100:0
GenInT1:00:0
RQ1T1:1101:0
RQ2T1:0000010:0
RQ3T1:0000000:0
RQ4T1:1100:0
RQ5T1:0100:0
GenInT1:00:0
RQ1T1:1101:0
RQ2T1:0000010:0
RQ3T1:0000000:0
RQ4T1:1100:0
RQ5T1:0100:0
GenInT1:00:0
RQ1T1:1101:0
RQ2T1:0000010:0
RQ3T1:0000000:0
RQ4T1:1100:0
RQ5T1:0100:0
GenInT1:00:0
RQ1T1:1101:0
RQ2T1:0000010:0
RQ3T1:0000000:0
RQ4T1:1100:0
RQ5T1:0100:0
GenInT1:00:0
RQ1T1:1101:0
RQ2T1:0000010:0
RQ3T1:0000000:0
RQ4T1:1100:0
RQ5T1:0100:0
GenInT1:00:0
RQ1T1:1101:0
RQ2T1:0000010:0
RQ3T1:0000000:0
RQ4T1:1100:0
RQ5T1:0100:0
GenInT1:00:0
RQ1T1:1101:0
RQ2T1:0000010:0
RQ3T1:0000000:0
RQ4T1:1100:0
RQ5T1:0100:0
GenInT1:00:0
RQ1T1:1101:0
RQ2T1:0000010:0
RQ3T1:0000000:0
RQ4T1:1100:0
RQ5T1:0100:0
GenInT1:00:0
RQ1T1:1101:0
RQ2T1:0000010:0
RQ3T1:0000000:0
RQ4T1:1100:0
RQ5T1:0100:0
GenInT1:00:0
RQ1T1:1101:0
RQ2T1:0000010:0
RQ3T1:0000000:0
RQ4T1:1100:0
RQ5T1:0100:0
GenInT1:00:0
RQ1T1:1101:0
RQ2T1:0000010:0
RQ3T1:0000000:0
RQ4T1:1100:0
RQ5T1:0100:0
GenInT1:00:0
RQ1T1:1101:0
RQ2T1:0000010:0
RQ3T1:0000000:0
RQ4T1:1100:0
RQ5T1:0100:0
GenInT1:00:0
RQ1T1:1101:0
RQ2T1:0000010:0
RQ3T1:0000000:0
RQ4T1:1100:0
RQ5T1:0100:0
GenInT1:00:0
RQ1T1:1101:0
RQ2T1:0000010:0
RQ3T1:0000000:0
RQ4T1:1100:0
RQ5T1:0100:0
GenInT1:00:0
RQ1T1:1101:0
RQ2T1:0000010:0
RQ3T1:0000000:0
RQ4T1:1100:0
RQ5T1:0100:0
GenInT1:00:0
RQ1T1:1101:0
RQ2T1:0000010:0
RQ3T1:0000000:0
RQ4T1:1100:0
RQ5T1:0100:0
GenInT1:00:0
RQ1T1:1101:0
RQ2T1:0000010:0
RQ3T1:0000000:0
RQ4T1:1100:0
RQ5T1:0100:0
GenInT1:10:0
RQ1T1:1001:0
RQ2T1:0101010:0
RQ3T1:0101000:0
RQ4T1:1100:0
RQ5T1:0100:0
CPU time[0.064]
MCDC instrumentation stopped
Logging stopped
